<?xml version="1.0" encoding="UTF-8"?>
<!-- Generated by org.testng.reporters.JUnitReportReporter -->
<testsuite hostname="MEH-ПК" name="com.example.tests.GroupCreationTests" tests="2" failures="0" timestamp="25 Aug 2015 19:01:38 GMT" time="4.166" errors="0">
  <testcase name="testEmptyGroupCreation" time="2.740" classname="com.example.tests.GroupCreationTests"/>
  <testcase name="testNonEmptyGroupCreation" time="1.426" classname="com.example.tests.GroupCreationTests"/>
</testsuite> <!-- com.example.tests.GroupCreationTests -->
