<?xml version="1.0" encoding="UTF-8"?>
<!-- Generated by org.testng.reporters.JUnitReportReporter -->
<testsuite hostname="MEH-ПК" name="com.example.tests.FillGroupCreationTest" tests="1" failures="0" timestamp="25 Aug 2015 20:14:37 GMT" time="2.788" errors="0">
  <testcase name="testNonEmptyGroupCreation" time="2.788" classname="com.example.tests.FillGroupCreationTest"/>
</testsuite> <!-- com.example.tests.FillGroupCreationTest -->
