<?xml version="1.0" encoding="UTF-8"?>
<!-- Generated by org.testng.reporters.JUnitReportReporter -->
<testsuite hostname="MEH-ПК" name="com.example.tests.EmptyGroupCreationTest" tests="1" failures="0" timestamp="26 Aug 2015 21:59:55 GMT" time="1.275" errors="0">
  <testcase name="testEmptyGroupCreation" time="1.275" classname="com.example.tests.EmptyGroupCreationTest"/>
</testsuite> <!-- com.example.tests.EmptyGroupCreationTest -->
