<?xml version="1.0" encoding="UTF-8"?>
<!-- Generated by org.testng.reporters.JUnitReportReporter -->
<testsuite hostname="MEH-ПК" name="com.example.tests.NoneEmptyGroupCreationTest" tests="1" failures="0" timestamp="26 Aug 2015 21:59:55 GMT" time="1.469" errors="0">
  <testcase name="testNonEmptyGroupCreation" time="1.469" classname="com.example.tests.NoneEmptyGroupCreationTest"/>
</testsuite> <!-- com.example.tests.NoneEmptyGroupCreationTest -->
