<?xml version="1.0" encoding="UTF-8"?>
<!-- Generated by org.testng.reporters.JUnitReportReporter -->
<testsuite hostname="MEH-ПК" name="com.example.tests.FillGroupCreationTest" tests="2" failures="0" timestamp="26 Aug 2015 20:18:35 GMT" time="4.297" errors="0">
  <testcase name="testFillAddressCreationTest" time="1.553" classname="com.example.tests.FillGroupCreationTest"/>
  <testcase name="testNonEmptyGroupCreation" time="2.744" classname="com.example.tests.FillGroupCreationTest"/>
</testsuite> <!-- com.example.tests.FillGroupCreationTest -->
