<?xml version="1.0" encoding="UTF-8"?>
<!-- Generated by org.testng.reporters.JUnitReportReporter -->
<testsuite hostname="MEH-ПК" name="com.example.tests.NoneEmptyAddressCreationTest" tests="1" failures="0" timestamp="26 Aug 2015 21:59:55 GMT" time="4.005" errors="0">
  <testcase name="testFillAddressCreationTest" time="4.005" classname="com.example.tests.NoneEmptyAddressCreationTest"/>
</testsuite> <!-- com.example.tests.NoneEmptyAddressCreationTest -->
