<?xml version="1.0" encoding="UTF-8"?>
<!-- Generated by org.testng.reporters.JUnitReportReporter -->
<testsuite hostname="MEH-ПК" name="com.example.tests.EmptyAddressCreationTest" tests="1" failures="0" timestamp="26 Aug 2015 21:59:55 GMT" time="0.896" errors="0">
  <testcase name="testEmptyGroupCreation" time="0.896" classname="com.example.tests.EmptyAddressCreationTest"/>
</testsuite> <!-- com.example.tests.EmptyAddressCreationTest -->
