<?xml version="1.0" encoding="UTF-8"?>
<!-- Generated by org.testng.reporters.JUnitReportReporter -->
<testsuite hostname="MEH-ПК" name="com.example.tests.EmptyGroupCreationTest" tests="1" failures="0" timestamp="25 Aug 2015 20:14:37 GMT" time="1.303" errors="0">
  <testcase name="testEmptyGroupCreation" time="1.303" classname="com.example.tests.EmptyGroupCreationTest"/>
</testsuite> <!-- com.example.tests.EmptyGroupCreationTest -->
