<?xml version="1.0" encoding="UTF-8"?>
<!-- Generated by org.testng.reporters.JUnitReportReporter -->
<testsuite hostname="MEH-ПК" name="com.example.tests.AddressCreationTest" tests="1" failures="0" timestamp="26 Aug 2015 21:25:13 GMT" time="4.824" errors="0">
  <testcase name="testFillAddressCreationTest" time="4.824" classname="com.example.tests.AddressCreationTest"/>
</testsuite> <!-- com.example.tests.AddressCreationTest -->
